{
  "RSpec": {
    "coverage": {
      "/Users/aatela/ratebeer/app/models/rating.rb": [
        1,
        1,
        1,
        null,
        1,
        null,
        null,
        null,
        1,
        0,
        null,
        null
      ],
      "/Users/aatela/ratebeer/app/helpers/application_helper.rb": [
        1,
        null
      ],
      "/Users/aatela/ratebeer/app/helpers/beer_clubs_helper.rb": [
        1,
        null
      ],
      "/Users/aatela/ratebeer/app/helpers/beers_helper.rb": [
        1,
        null
      ],
      "/Users/aatela/ratebeer/app/helpers/breweries_helper.rb": [
        1,
        null
      ],
      "/Users/aatela/ratebeer/app/helpers/memberships_helper.rb": [
        1,
        null
      ],
      "/Users/aatela/ratebeer/app/helpers/users_helper.rb": [
        1,
        null
      ],
      "/Users/aatela/ratebeer/app/models/beer.rb": [
        1,
        1,
        null,
        1,
        1,
        1,
        null,
        1,
        null,
        1,
        0,
        null,
        null
      ],
      "/Users/aatela/ratebeer/app/models/concerns/rating_average.rb": [
        1,
        1,
        null,
        1,
        2,
        null,
        null
      ],
      "/Users/aatela/ratebeer/app/models/user.rb": [
        1,
        1,
        null,
        1,
        null,
        1,
        1,
        1,
        1,
        null,
        1,
        null,
        null,
        1,
        null,
        1,
        null
      ],
      "/Users/aatela/ratebeer/app/controllers/breweries_controller.rb": [
        1,
        1,
        1,
        null,
        null,
        null,
        1,
        1,
        null,
        null,
        null,
        null,
        1,
        null,
        null,
        null,
        1,
        0,
        null,
        null,
        null,
        1,
        null,
        null,
        null,
        null,
        1,
        0,
        null,
        0,
        0,
        0,
        0,
        null,
        0,
        0,
        null,
        null,
        null,
        null,
        null,
        null,
        1,
        0,
        0,
        0,
        0,
        null,
        0,
        0,
        null,
        null,
        null,
        null,
        null,
        null,
        1,
        0,
        0,
        0,
        0,
        null,
        null,
        null,
        1,
        null,
        1,
        0,
        null,
        0,
        0,
        null,
        null,
        null,
        null,
        1,
        0,
        null,
        null,
        null,
        1,
        0,
        null,
        null
      ],
      "/Users/aatela/ratebeer/app/controllers/application_controller.rb": [
        1,
        null,
        null,
        1,
        null,
        1,
        null,
        1,
        8,
        4,
        null,
        null
      ],
      "/Users/aatela/ratebeer/app/models/brewery.rb": [
        1,
        1,
        null,
        1,
        1,
        0,
        null,
        1,
        1,
        null
      ],
      "/Users/aatela/ratebeer/app/controllers/sessions_controller.rb": [
        1,
        1,
        null,
        null,
        null,
        1,
        2,
        2,
        1,
        1,
        null,
        1,
        null,
        null,
        null,
        1,
        null,
        0,
        null,
        0,
        null,
        null
      ],
      "/Users/aatela/ratebeer/app/controllers/users_controller.rb": [
        1,
        1,
        null,
        null,
        null,
        1,
        0,
        null,
        null,
        null,
        null,
        1,
        null,
        null,
        null,
        1,
        0,
        null,
        null,
        null,
        1,
        null,
        null,
        null,
        null,
        1,
        0,
        null,
        0,
        0,
        0,
        0,
        null,
        0,
        0,
        null,
        null,
        null,
        null,
        null,
        null,
        1,
        0,
        0,
        0,
        0,
        null,
        0,
        0,
        null,
        null,
        null,
        null,
        null,
        null,
        1,
        0,
        0,
        0,
        null,
        0,
        0,
        0,
        null,
        null,
        null,
        1,
        null,
        1,
        1,
        null,
        null,
        null,
        1,
        0,
        null,
        null
      ],
      "/Users/aatela/ratebeer/app/models/membership.rb": [
        1,
        1,
        1,
        null
      ],
      "/Users/aatela/ratebeer/app/models/beer_club.rb": [
        1,
        1,
        1,
        null
      ]
    },
    "timestamp": 1423428426
  }
}
